Using pre-set license
Built from '2020.3/staging' branch; Version is '2020.3.11f1 (99c7afb366b3) revision 10078127'; Using compiler version '192528614'; Build Type 'Release'
OS: 'Windows 10 Home; OS build 19043.1110; Version 2009; 64bit' Language: 'en' Physical Memory: 32635 MB
BatchMode: 1, IsHumanControllingUs: 0, StartBugReporterOnCrash: 0, Is64bit: 1, IsPro: 0

 COMMAND LINE ARGUMENTS:
D:\programs\unity\2020.3.11f1\Editor\Unity.exe
-adb2
-batchMode
-noUpm
-name
AssetImportWorker0
-projectPath
D:/projects/unityProjects/3D projects/Cage
-logFile
Logs/AssetImportWorker0.log
-srvPort
60198
Successfully changed project path to: D:/projects/unityProjects/3D projects/Cage
D:/projects/unityProjects/3D projects/Cage
Using Asset Import Pipeline V2.
Refreshing native plugins compatible for Editor in 23.28 ms, found 2 plugins.
Preloading 0 native plugins for Editor in 0.00 ms.
Initialize engine version: 2020.3.11f1 (99c7afb366b3)
[Subsystems] Discovering subsystems at path D:/programs/unity/2020.3.11f1/Editor/Data/Resources/UnitySubsystems
[Subsystems] Discovering subsystems at path D:/projects/unityProjects/3D projects/Cage/Assets
GfxDevice: creating device client; threaded=0
Direct3D:
    Version:  Direct3D 11.0 [level 11.1]
    Renderer: NVIDIA GeForce GTX 1650 Ti (ID=0x1f95)
    Vendor:   
    VRAM:     3962 MB
    Driver:   27.21.14.6611
Initialize mono
Mono path[0] = 'D:/programs/unity/2020.3.11f1/Editor/Data/Managed'
Mono path[1] = 'D:/programs/unity/2020.3.11f1/Editor/Data/MonoBleedingEdge/lib/mono/unityjit'
Mono config path = 'D:/programs/unity/2020.3.11f1/Editor/Data/MonoBleedingEdge/etc'
Using monoOptions --debugger-agent=transport=dt_socket,embedding=1,server=y,suspend=n,address=127.0.0.1:56180
Begin MonoManager ReloadAssembly
Registering precompiled unity dll's ...
Register platform support module: D:/programs/unity/2020.3.11f1/Editor/Data/PlaybackEngines/WebGLSupport/UnityEditor.WebGL.Extensions.dll
Register platform support module: D:/programs/unity/2020.3.11f1/Editor/Data/PlaybackEngines/WindowsStandaloneSupport/UnityEditor.WindowsStandalone.Extensions.dll
Register platform support module: D:/programs/unity/2020.3.11f1/Editor/Data/PlaybackEngines/LuminSupport/UnityEditor.Lumin.Extensions.dll
Registered in 0.000992 seconds.
Native extension for Lumin target not found
Native extension for WindowsStandalone target not found
Native extension for WebGL target not found
Refreshing native plugins compatible for Editor in 20.98 ms, found 2 plugins.
Preloading 0 native plugins for Editor in 0.00 ms.
Mono: successfully reloaded assembly
- Completed reload, in  1.138 seconds
Platform modules already initialized, skipping
Registering precompiled user dll's ...
Registered in 0.001855 seconds.
Begin MonoManager ReloadAssembly
Native extension for Lumin target not found
Native extension for WindowsStandalone target not found
Native extension for WebGL target not found
Refreshing native plugins compatible for Editor in 0.28 ms, found 2 plugins.
Preloading 0 native plugins for Editor in 0.00 ms.
Mono: successfully reloaded assembly
- Completed reload, in  0.787 seconds
Platform modules already initialized, skipping
========================================================================
Worker process is ready to serve import requests
Launched and connected shader compiler UnityShaderCompiler.exe after 0.06 seconds
Refreshing native plugins compatible for Editor in 0.48 ms, found 2 plugins.
Preloading 0 native plugins for Editor in 0.00 ms.
Unloading 1386 Unused Serialized files (Serialized files now loaded: 0)
System memory in use before: 64.7 MB.
System memory in use after: 64.7 MB.

Unloading 19 unused Assets to reduce memory usage. Loaded Objects now: 1819.
Total: 1.755800 ms (FindLiveObjects: 0.160800 ms CreateObjectMapping: 0.051200 ms MarkObjects: 1.474400 ms  DeleteObjects: 0.068200 ms)

========================================================================
Received Import Request.
  path: Assets/StayOnPlatformStarter/StayOnPlatformStarter.unitypackage
  artifactKey: Guid(a50ee2de16b15f44a9edd38218fbe1b9) Importer(815301076,1909f56bfc062723c751e8b465ee728b)
Start importing Assets/StayOnPlatformStarter/StayOnPlatformStarter.unitypackage using Guid(a50ee2de16b15f44a9edd38218fbe1b9) Importer(815301076,1909f56bfc062723c751e8b465ee728b)  -> (artifact id: 'e307feba1599e61d3daccc910927d766') in 0.040153 seconds
  Import took 0.043007 seconds .

========================================================================
Received Import Request.
  Time since last request: 0.000283 seconds.
  path: Assets/StayOnPlatformStarter
  artifactKey: Guid(bdd798a1819d1c645816053cd8d0551d) Importer(815301076,1909f56bfc062723c751e8b465ee728b)
Start importing Assets/StayOnPlatformStarter using Guid(bdd798a1819d1c645816053cd8d0551d) Importer(815301076,1909f56bfc062723c751e8b465ee728b)  -> (artifact id: 'd95cba43d15907e5127788846e65b6bb') in 0.001840 seconds
  Import took 0.004937 seconds .

========================================================================
Received Prepare
Registering precompiled user dll's ...
Registered in 0.002195 seconds.
Begin MonoManager ReloadAssembly
Native extension for Lumin target not found
Native extension for WindowsStandalone target not found
Native extension for WebGL target not found
Refreshing native plugins compatible for Editor in 0.30 ms, found 2 plugins.
Preloading 0 native plugins for Editor in 0.00 ms.
[ScriptCompilation] NOT recompiling all scripts because this is an import worker process. Reason to compile was: Define symbols changed
PlayerSettings Validation: Requested build target group (20) doesn't exist; #define symbols for scripting won't be added.
UnityEngine.StackTraceUtility:ExtractStackTrace ()
UnityEditor.PlayerSettings:SetScriptingDefineSymbolsForGroup (UnityEditor.BuildTargetGroup,string)
UnityStandardAssets.CrossPlatformInput.Inspector.CrossPlatformInitialize:SetEnabled (string,bool,bool) (at Assets/Standard Assets/Editor/CrossPlatformInput/CrossPlatformInputInitialize.cs:128)
UnityStandardAssets.CrossPlatformInput.Inspector.CrossPlatformInitialize:.cctor () (at Assets/Standard Assets/Editor/CrossPlatformInput/CrossPlatformInputInitialize.cs:22)
System.Runtime.CompilerServices.RuntimeHelpers:RunClassConstructor (System.RuntimeTypeHandle)
UnityEditor.EditorAssemblies:ProcessInitializeOnLoadAttributes (System.Type[])

[Assets/Standard Assets/Editor/CrossPlatformInput/CrossPlatformInputInitialize.cs line 128]

PlayerSettings Validation: Requested build target group (22) doesn't exist; #define symbols for scripting won't be added.
UnityEngine.StackTraceUtility:ExtractStackTrace ()
UnityEditor.PlayerSettings:SetScriptingDefineSymbolsForGroup (UnityEditor.BuildTargetGroup,string)
UnityStandardAssets.CrossPlatformInput.Inspector.CrossPlatformInitialize:SetEnabled (string,bool,bool) (at Assets/Standard Assets/Editor/CrossPlatformInput/CrossPlatformInputInitialize.cs:128)
UnityStandardAssets.CrossPlatformInput.Inspector.CrossPlatformInitialize:.cctor () (at Assets/Standard Assets/Editor/CrossPlatformInput/CrossPlatformInputInitialize.cs:22)
System.Runtime.CompilerServices.RuntimeHelpers:RunClassConstructor (System.RuntimeTypeHandle)
UnityEditor.EditorAssemblies:ProcessInitializeOnLoadAttributes (System.Type[])

[Assets/Standard Assets/Editor/CrossPlatformInput/CrossPlatformInputInitialize.cs line 128]

PlayerSettings Validation: Requested build target group (17) doesn't exist; #define symbols for scripting won't be added.
UnityEngine.StackTraceUtility:ExtractStackTrace ()
UnityEditor.PlayerSettings:SetScriptingDefineSymbolsForGroup (UnityEditor.BuildTargetGroup,string)
UnityStandardAssets.CrossPlatformInput.Inspector.CrossPlatformInitialize:SetEnabled (string,bool,bool) (at Assets/Standard Assets/Editor/CrossPlatformInput/CrossPlatformInputInitialize.cs:128)
UnityStandardAssets.CrossPlatformInput.Inspector.CrossPlatformInitialize:.cctor () (at Assets/Standard Assets/Editor/CrossPlatformInput/CrossPlatformInputInitialize.cs:22)
System.Runtime.CompilerServices.RuntimeHelpers:RunClassConstructor (System.RuntimeTypeHandle)
UnityEditor.EditorAssemblies:ProcessInitializeOnLoadAttributes (System.Type[])

[Assets/Standard Assets/Editor/CrossPlatformInput/CrossPlatformInputInitialize.cs line 128]

Mono: successfully reloaded assembly
- Completed reload, in  1.160 seconds
Platform modules already initialized, skipping
Refreshing native plugins compatible for Editor in 0.48 ms, found 2 plugins.
Preloading 0 native plugins for Editor in 0.00 ms.
Unloading 1420 Unused Serialized files (Serialized files now loaded: 0)
System memory in use before: 69.3 MB.
System memory in use after: 69.4 MB.

Unloading 14 unused Assets to reduce memory usage. Loaded Objects now: 1863.
Total: 1.927700 ms (FindLiveObjects: 0.142000 ms CreateObjectMapping: 0.037800 ms MarkObjects: 1.668900 ms  DeleteObjects: 0.078200 ms)

========================================================================
Received Prepare
Registering precompiled user dll's ...
Registered in 0.003031 seconds.
Begin MonoManager ReloadAssembly
Native extension for Lumin target not found
Native extension for WindowsStandalone target not found
Native extension for WebGL target not found
Refreshing native plugins compatible for Editor in 0.30 ms, found 2 plugins.
Preloading 0 native plugins for Editor in 0.00 ms.
[ScriptCompilation] NOT recompiling all scripts because this is an import worker process. Reason to compile was: Define symbols changed
PlayerSettings Validation: Requested build target group (20) doesn't exist; #define symbols for scripting won't be added.
UnityEngine.StackTraceUtility:ExtractStackTrace ()
UnityEditor.PlayerSettings:SetScriptingDefineSymbolsForGroup (UnityEditor.BuildTargetGroup,string)
UnityStandardAssets.CrossPlatformInput.Inspector.CrossPlatformInitialize:SetEnabled (string,bool,bool) (at Assets/Standard Assets/Editor/CrossPlatformInput/CrossPlatformInputInitialize.cs:128)
UnityStandardAssets.CrossPlatformInput.Inspector.CrossPlatformInitialize:.cctor () (at Assets/Standard Assets/Editor/CrossPlatformInput/CrossPlatformInputInitialize.cs:22)
System.Runtime.CompilerServices.RuntimeHelpers:RunClassConstructor (System.RuntimeTypeHandle)
UnityEditor.EditorAssemblies:ProcessInitializeOnLoadAttributes (System.Type[])

[Assets/Standard Assets/Editor/CrossPlatformInput/CrossPlatformInputInitialize.cs line 128]

PlayerSettings Validation: Requested build target group (22) doesn't exist; #define symbols for scripting won't be added.
UnityEngine.StackTraceUtility:ExtractStackTrace ()
UnityEditor.PlayerSettings:SetScriptingDefineSymbolsForGroup (UnityEditor.BuildTargetGroup,string)
UnityStandardAssets.CrossPlatformInput.Inspector.CrossPlatformInitialize:SetEnabled (string,bool,bool) (at Assets/Standard Assets/Editor/CrossPlatformInput/CrossPlatformInputInitialize.cs:128)
UnityStandardAssets.CrossPlatformInput.Inspector.CrossPlatformInitialize:.cctor () (at Assets/Standard Assets/Editor/CrossPlatformInput/CrossPlatformInputInitialize.cs:22)
System.Runtime.CompilerServices.RuntimeHelpers:RunClassConstructor (System.RuntimeTypeHandle)
UnityEditor.EditorAssemblies:ProcessInitializeOnLoadAttributes (System.Type[])

[Assets/Standard Assets/Editor/CrossPlatformInput/CrossPlatformInputInitialize.cs line 128]

PlayerSettings Validation: Requested build target group (17) doesn't exist; #define symbols for scripting won't be added.
UnityEngine.StackTraceUtility:ExtractStackTrace ()
UnityEditor.PlayerSettings:SetScriptingDefineSymbolsForGroup (UnityEditor.BuildTargetGroup,string)
UnityStandardAssets.CrossPlatformInput.Inspector.CrossPlatformInitialize:SetEnabled (string,bool,bool) (at Assets/Standard Assets/Editor/CrossPlatformInput/CrossPlatformInputInitialize.cs:128)
UnityStandardAssets.CrossPlatformInput.Inspector.CrossPlatformInitialize:.cctor () (at Assets/Standard Assets/Editor/CrossPlatformInput/CrossPlatformInputInitialize.cs:22)
System.Runtime.CompilerServices.RuntimeHelpers:RunClassConstructor (System.RuntimeTypeHandle)
UnityEditor.EditorAssemblies:ProcessInitializeOnLoadAttributes (System.Type[])

[Assets/Standard Assets/Editor/CrossPlatformInput/CrossPlatformInputInitialize.cs line 128]

Mono: successfully reloaded assembly
- Completed reload, in  0.989 seconds
Platform modules already initialized, skipping
Refreshing native plugins compatible for Editor in 0.27 ms, found 2 plugins.
Preloading 0 native plugins for Editor in 0.00 ms.
Unloading 1420 Unused Serialized files (Serialized files now loaded: 0)
System memory in use before: 69.3 MB.
System memory in use after: 69.4 MB.

Unloading 14 unused Assets to reduce memory usage. Loaded Objects now: 1866.
Total: 1.597000 ms (FindLiveObjects: 0.128300 ms CreateObjectMapping: 0.039600 ms MarkObjects: 1.391200 ms  DeleteObjects: 0.037100 ms)

========================================================================
Received Import Request.
  Time since last request: 350.954074 seconds.
  path: Assets/StayOnPlatform.unity
  artifactKey: Guid(5bdaf6ba9717e41c8b153211258bf86c) Importer(815301076,1909f56bfc062723c751e8b465ee728b)
Start importing Assets/StayOnPlatform.unity using Guid(5bdaf6ba9717e41c8b153211258bf86c) Importer(815301076,1909f56bfc062723c751e8b465ee728b)  -> (artifact id: '8eb2969532829f8e0b2a305116fa09a9') in 0.015162 seconds
  Import took 0.017344 seconds .

========================================================================
Received Import Request.
  Time since last request: 15.887671 seconds.
  path: Assets/Standard Assets
  artifactKey: Guid(b9378e929e9ae45cd8d23613f9499e01) Importer(815301076,1909f56bfc062723c751e8b465ee728b)
Start importing Assets/Standard Assets using Guid(b9378e929e9ae45cd8d23613f9499e01) Importer(815301076,1909f56bfc062723c751e8b465ee728b)  -> (artifact id: '32338fddec8a93fb730002dd6de99940') in 0.006568 seconds
  Import took 0.009458 seconds .

========================================================================
Received Import Request.
  Time since last request: 0.001204 seconds.
  path: Assets/Standard Assets
  artifactKey: Guid(b9378e929e9ae45cd8d23613f9499e01) Importer(815301076,1909f56bfc062723c751e8b465ee728b)
Start importing Assets/Standard Assets using Guid(b9378e929e9ae45cd8d23613f9499e01) Importer(815301076,1909f56bfc062723c751e8b465ee728b)  -> (artifact id: '32338fddec8a93fb730002dd6de99940') in 0.001337 seconds
  Import took 0.003392 seconds .

========================================================================
Received Import Request.
  Time since last request: 2.198962 seconds.
  path: Assets/Standard Assets/Characters
  artifactKey: Guid(8c32f58513a41ef4dab9cb7704c5fb92) Importer(815301076,1909f56bfc062723c751e8b465ee728b)
Start importing Assets/Standard Assets/Characters using Guid(8c32f58513a41ef4dab9cb7704c5fb92) Importer(815301076,1909f56bfc062723c751e8b465ee728b)  -> (artifact id: 'b5650032b0934e15e70c8529e6984721') in 0.006107 seconds
  Import took 0.008318 seconds .

========================================================================
Received Import Request.
  Time since last request: 0.001764 seconds.
  path: Assets/Standard Assets/Characters
  artifactKey: Guid(8c32f58513a41ef4dab9cb7704c5fb92) Importer(815301076,1909f56bfc062723c751e8b465ee728b)
Start importing Assets/Standard Assets/Characters using Guid(8c32f58513a41ef4dab9cb7704c5fb92) Importer(815301076,1909f56bfc062723c751e8b465ee728b)  -> (artifact id: 'b5650032b0934e15e70c8529e6984721') in 0.002742 seconds
  Import took 0.005348 seconds .

========================================================================
Received Import Request.
  Time since last request: 0.550628 seconds.
  path: Assets/Standard Assets/Characters/ThirdPersonCharacter
  artifactKey: Guid(8912f13e18e67bc478684ec30d73bc64) Importer(815301076,1909f56bfc062723c751e8b465ee728b)
Start importing Assets/Standard Assets/Characters/ThirdPersonCharacter using Guid(8912f13e18e67bc478684ec30d73bc64) Importer(815301076,1909f56bfc062723c751e8b465ee728b)  -> (artifact id: '194589bfc5cc82cc861e2f4dd562a0b7') in 0.006276 seconds
  Import took 0.009048 seconds .

========================================================================
Received Import Request.
  Time since last request: 0.001447 seconds.
  path: Assets/Standard Assets/Characters/ThirdPersonCharacter
  artifactKey: Guid(8912f13e18e67bc478684ec30d73bc64) Importer(815301076,1909f56bfc062723c751e8b465ee728b)
Start importing Assets/Standard Assets/Characters/ThirdPersonCharacter using Guid(8912f13e18e67bc478684ec30d73bc64) Importer(815301076,1909f56bfc062723c751e8b465ee728b)  -> (artifact id: '194589bfc5cc82cc861e2f4dd562a0b7') in 0.002085 seconds
  Import took 0.004258 seconds .

========================================================================
Received Import Request.
  Time since last request: 3.280109 seconds.
  path: Assets/Standard Assets/Characters/ThirdPersonCharacter/Prefabs
  artifactKey: Guid(e09f07f9be24b2d4180a74a671348b5b) Importer(815301076,1909f56bfc062723c751e8b465ee728b)
Start importing Assets/Standard Assets/Characters/ThirdPersonCharacter/Prefabs using Guid(e09f07f9be24b2d4180a74a671348b5b) Importer(815301076,1909f56bfc062723c751e8b465ee728b)  -> (artifact id: 'f34f5f425588cd92801f7bc3758436c1') in 0.006205 seconds
  Import took 0.008573 seconds .

========================================================================
Received Import Request.
  Time since last request: 0.002020 seconds.
  path: Assets/Standard Assets/Characters/ThirdPersonCharacter/Prefabs
  artifactKey: Guid(e09f07f9be24b2d4180a74a671348b5b) Importer(815301076,1909f56bfc062723c751e8b465ee728b)
Start importing Assets/Standard Assets/Characters/ThirdPersonCharacter/Prefabs using Guid(e09f07f9be24b2d4180a74a671348b5b) Importer(815301076,1909f56bfc062723c751e8b465ee728b)  -> (artifact id: 'f34f5f425588cd92801f7bc3758436c1') in 0.002044 seconds
  Import took 0.004669 seconds .

========================================================================
Received Import Request.
  Time since last request: 0.066351 seconds.
  path: Assets/Standard Assets/Characters/ThirdPersonCharacter/Prefabs/AIThirdPersonController.prefab
  artifactKey: Guid(54eb5844754051b40a918a84c33b7c1a) Importer(815301076,1909f56bfc062723c751e8b465ee728b)
Start importing Assets/Standard Assets/Characters/ThirdPersonCharacter/Prefabs/AIThirdPersonController.prefab using Guid(54eb5844754051b40a918a84c33b7c1a) Importer(815301076,1909f56bfc062723c751e8b465ee728b)  -> (artifact id: '978187e45c9d6726c5483a5f8c98cb64') in 0.358524 seconds
  Import took 0.363596 seconds .

========================================================================
Received Import Request.
  Time since last request: 0.000258 seconds.
  path: Assets/Standard Assets/Characters/ThirdPersonCharacter/Prefabs/ThirdPersonController.prefab
  artifactKey: Guid(7737647c22c1fc64a88d5cd030c352ce) Importer(815301076,1909f56bfc062723c751e8b465ee728b)
Start importing Assets/Standard Assets/Characters/ThirdPersonCharacter/Prefabs/ThirdPersonController.prefab using Guid(7737647c22c1fc64a88d5cd030c352ce) Importer(815301076,1909f56bfc062723c751e8b465ee728b)  -> (artifact id: '5a917b9b827d114ae2f6db61955eb0c5') in 0.060140 seconds
  Import took 0.065144 seconds .

========================================================================
Received Import Request.
  Time since last request: 16.914382 seconds.
  path: Assets/Standard Assets/CrossPlatformInput
  artifactKey: Guid(710bc43f80d178548bd226c252c8e65b) Importer(815301076,1909f56bfc062723c751e8b465ee728b)
Start importing Assets/Standard Assets/CrossPlatformInput using Guid(710bc43f80d178548bd226c252c8e65b) Importer(815301076,1909f56bfc062723c751e8b465ee728b)  -> (artifact id: 'f0440b75555e41a3dfc5c595b03e89f7') in 0.007441 seconds
  Import took 0.009658 seconds .

========================================================================
Received Import Request.
  Time since last request: 0.751435 seconds.
  path: Assets/Standard Assets/Editor
  artifactKey: Guid(8d81b72b344a0458bb2de65d20a3e581) Importer(815301076,1909f56bfc062723c751e8b465ee728b)
Start importing Assets/Standard Assets/Editor using Guid(8d81b72b344a0458bb2de65d20a3e581) Importer(815301076,1909f56bfc062723c751e8b465ee728b)  -> (artifact id: 'f2f1b96d5717ce781d418ab79a7ba6c8') in 0.006463 seconds
  Import took 0.008580 seconds .

========================================================================
Received Import Request.
  Time since last request: 0.610704 seconds.
  path: Assets/Standard Assets/PhysicsMaterials
  artifactKey: Guid(5eebb5849c50a2c4ea24ded96e6f3aac) Importer(815301076,1909f56bfc062723c751e8b465ee728b)
Start importing Assets/Standard Assets/PhysicsMaterials using Guid(5eebb5849c50a2c4ea24ded96e6f3aac) Importer(815301076,1909f56bfc062723c751e8b465ee728b)  -> (artifact id: 'f12c9778d7324a7d1faaef88796d1929') in 0.006328 seconds
  Import took 0.009428 seconds .

========================================================================
Received Import Request.
  Time since last request: 0.000669 seconds.
  path: Assets/Standard Assets/PhysicsMaterials
  artifactKey: Guid(5eebb5849c50a2c4ea24ded96e6f3aac) Importer(815301076,1909f56bfc062723c751e8b465ee728b)
Start importing Assets/Standard Assets/PhysicsMaterials using Guid(5eebb5849c50a2c4ea24ded96e6f3aac) Importer(815301076,1909f56bfc062723c751e8b465ee728b)  -> (artifact id: 'f12c9778d7324a7d1faaef88796d1929') in 0.001913 seconds
  Import took 0.004044 seconds .

========================================================================
Received Import Request.
  Time since last request: 0.343039 seconds.
  path: Assets/Standard Assets/Utility
  artifactKey: Guid(4539eb30e895bbb41b5eae6df2dde978) Importer(815301076,1909f56bfc062723c751e8b465ee728b)
Start importing Assets/Standard Assets/Utility using Guid(4539eb30e895bbb41b5eae6df2dde978) Importer(815301076,1909f56bfc062723c751e8b465ee728b)  -> (artifact id: 'ee1da4ce43c677bc2223cd7d5fb0c318') in 0.006733 seconds
  Import took 0.009175 seconds .

========================================================================
Received Import Request.
  Time since last request: 15.420979 seconds.
  path: Assets/Resource
  artifactKey: Guid(ab984e25da2594e3da158233641d44d8) Importer(815301076,1909f56bfc062723c751e8b465ee728b)
Start importing Assets/Resource using Guid(ab984e25da2594e3da158233641d44d8) Importer(815301076,1909f56bfc062723c751e8b465ee728b)  -> (artifact id: '8514f8cb1c7ab2b8fa76da6730371f28') in 0.007125 seconds
  Import took 0.009859 seconds .

========================================================================
Received Import Request.
  Time since last request: 0.000510 seconds.
  path: Assets/Resource
  artifactKey: Guid(ab984e25da2594e3da158233641d44d8) Importer(815301076,1909f56bfc062723c751e8b465ee728b)
Start importing Assets/Resource using Guid(ab984e25da2594e3da158233641d44d8) Importer(815301076,1909f56bfc062723c751e8b465ee728b)  -> (artifact id: '8514f8cb1c7ab2b8fa76da6730371f28') in 0.001689 seconds
  Import took 0.003777 seconds .

========================================================================
Received Import Request.
  Time since last request: 0.247836 seconds.
  path: Assets/Resource/green.mat
  artifactKey: Guid(017db85255b1c4bfd9bb818ad70d3e40) Importer(815301076,1909f56bfc062723c751e8b465ee728b)
Start importing Assets/Resource/green.mat using Guid(017db85255b1c4bfd9bb818ad70d3e40) Importer(815301076,1909f56bfc062723c751e8b465ee728b)  -> (artifact id: '6905b74a1000b463262188b53ef2db4b') in 0.153557 seconds
  Import took 0.156277 seconds .

========================================================================
Received Import Request.
  Time since last request: 0.000163 seconds.
  path: Assets/Resource/Path.mat
  artifactKey: Guid(b06a5ad7074034ed89559c0b06c300be) Importer(815301076,1909f56bfc062723c751e8b465ee728b)
Start importing Assets/Resource/Path.mat using Guid(b06a5ad7074034ed89559c0b06c300be) Importer(815301076,1909f56bfc062723c751e8b465ee728b)  -> (artifact id: '166f92900d99837fd9f1dc7efc827081') in 0.169693 seconds
  Import took 0.172334 seconds .

========================================================================
Received Import Request.
  Time since last request: 0.823837 seconds.
  path: Assets/Resource/StayOnPlatform
  artifactKey: Guid(c006e793f07dc4523a60f55935b694a6) Importer(815301076,1909f56bfc062723c751e8b465ee728b)
Start importing Assets/Resource/StayOnPlatform using Guid(c006e793f07dc4523a60f55935b694a6) Importer(815301076,1909f56bfc062723c751e8b465ee728b)  -> (artifact id: 'c46d0e9ac0bde39e7fd83f96242232cf') in 0.006005 seconds
  Import took 0.008342 seconds .

========================================================================
Received Import Request.
  Time since last request: 0.000741 seconds.
  path: Assets/Resource/StayOnPlatform
  artifactKey: Guid(c006e793f07dc4523a60f55935b694a6) Importer(815301076,1909f56bfc062723c751e8b465ee728b)
Start importing Assets/Resource/StayOnPlatform using Guid(c006e793f07dc4523a60f55935b694a6) Importer(815301076,1909f56bfc062723c751e8b465ee728b)  -> (artifact id: 'c46d0e9ac0bde39e7fd83f96242232cf') in 0.002089 seconds
  Import took 0.004362 seconds .

========================================================================
Received Import Request.
  Time since last request: 0.047599 seconds.
  path: Assets/Resource/StayOnPlatform/NavMesh.asset
  artifactKey: Guid(4c95af24cb4584535b959619288a1711) Importer(815301076,1909f56bfc062723c751e8b465ee728b)
Start importing Assets/Resource/StayOnPlatform/NavMesh.asset using Guid(4c95af24cb4584535b959619288a1711) Importer(815301076,1909f56bfc062723c751e8b465ee728b)  -> (artifact id: 'cb9932593e61ef23c549f5accd59cc79') in 0.006805 seconds
  Import took 0.009187 seconds .

========================================================================
Received Import Request.
  Time since last request: 6.903059 seconds.
  path: Assets/Materials
  artifactKey: Guid(41225bbf17c0e4f5d9c061519da5daee) Importer(815301076,1909f56bfc062723c751e8b465ee728b)
Start importing Assets/Materials using Guid(41225bbf17c0e4f5d9c061519da5daee) Importer(815301076,1909f56bfc062723c751e8b465ee728b)  -> (artifact id: '1f1d39911059ccbfa39487023ca153a0') in 0.006942 seconds
  Import took 0.009100 seconds .

========================================================================
Received Import Request.
  Time since last request: 0.000829 seconds.
  path: Assets/Materials
  artifactKey: Guid(41225bbf17c0e4f5d9c061519da5daee) Importer(815301076,1909f56bfc062723c751e8b465ee728b)
Start importing Assets/Materials using Guid(41225bbf17c0e4f5d9c061519da5daee) Importer(815301076,1909f56bfc062723c751e8b465ee728b)  -> (artifact id: '1f1d39911059ccbfa39487023ca153a0') in 0.002497 seconds
  Import took 0.004735 seconds .

========================================================================
Received Import Request.
  Time since last request: 0.045470 seconds.
  path: Assets/Materials/TexturesCom_FloorsCheckerboard0054_3_seamless_S.mat
  artifactKey: Guid(bf8e2a493e97b43109d567fd873b9a0d) Importer(815301076,1909f56bfc062723c751e8b465ee728b)
Start importing Assets/Materials/TexturesCom_FloorsCheckerboard0054_3_seamless_S.mat using Guid(bf8e2a493e97b43109d567fd873b9a0d) Importer(815301076,1909f56bfc062723c751e8b465ee728b)  -> (artifact id: '53dabad1f2117f80c1b174576f9aea90') in 0.010459 seconds
  Import took 0.012837 seconds .

========================================================================
Received Import Request.
  Time since last request: 0.000154 seconds.
  path: Assets/Materials/TexturesCom_FloorsCheckerboard0054_3_seamless_S.png
  artifactKey: Guid(4156d7a54caa947969bd82c88468977d) Importer(815301076,1909f56bfc062723c751e8b465ee728b)
Start importing Assets/Materials/TexturesCom_FloorsCheckerboard0054_3_seamless_S.png using Guid(4156d7a54caa947969bd82c88468977d) Importer(815301076,1909f56bfc062723c751e8b465ee728b)  -> (artifact id: '9e153fc33cc6fe03f5b4fe8833a01307') in 0.043635 seconds
  Import took 0.045599 seconds .

========================================================================
Received Import Request.
  Time since last request: 135.156517 seconds.
  path: Assets/Scenes
  artifactKey: Guid(3ce8762912cf10b47b2d00ebd3192bd8) Importer(815301076,1909f56bfc062723c751e8b465ee728b)
Start importing Assets/Scenes using Guid(3ce8762912cf10b47b2d00ebd3192bd8) Importer(815301076,1909f56bfc062723c751e8b465ee728b)  -> (artifact id: 'd51c04d9c02d1da37908ed7c1ada1a5a') in 0.006156 seconds
  Import took 0.008663 seconds .

========================================================================
Received Import Request.
  Time since last request: 285.667137 seconds.
  path: Assets
  artifactKey: Guid(00000000000000001000000000000000) Importer(815301076,1909f56bfc062723c751e8b465ee728b)
Start importing Assets using Guid(00000000000000001000000000000000) Importer(815301076,1909f56bfc062723c751e8b465ee728b)  -> (artifact id: '42d402b061de3733987d63b9cc3b64de') in 0.007457 seconds
  Import took 0.010004 seconds .

========================================================================
Received Import Request.
  Time since last request: 0.000366 seconds.
  path: Assets
  artifactKey: Guid(00000000000000001000000000000000) Importer(815301076,1909f56bfc062723c751e8b465ee728b)
Start importing Assets using Guid(00000000000000001000000000000000) Importer(815301076,1909f56bfc062723c751e8b465ee728b)  -> (artifact id: '42d402b061de3733987d63b9cc3b64de') in 0.001555 seconds
  Import took 0.003822 seconds .

========================================================================
Received Import Request.
  Time since last request: 6.850727 seconds.
  path: Assets/Scripts
  artifactKey: Guid(e6b06a9fe7e1ea340b22605b344f1ebb) Importer(815301076,1909f56bfc062723c751e8b465ee728b)
Start importing Assets/Scripts using Guid(e6b06a9fe7e1ea340b22605b344f1ebb) Importer(815301076,1909f56bfc062723c751e8b465ee728b)  -> (artifact id: '05c4349258e8683f50aa9acd6716ef8c') in 0.006294 seconds
  Import took 0.008838 seconds .

========================================================================
Received Import Request.
  Time since last request: 7.518249 seconds.
  path: Assets/Scripts/DNA.cs
  artifactKey: Guid(ad0eec8c4106a014696571921d7f9ce7) Importer(815301076,1909f56bfc062723c751e8b465ee728b)
Start importing Assets/Scripts/DNA.cs using Guid(ad0eec8c4106a014696571921d7f9ce7) Importer(815301076,1909f56bfc062723c751e8b465ee728b)  -> (artifact id: '2b797de525b70741f204ef01193d96d8') in 0.010611 seconds
  Import took 0.013184 seconds .

========================================================================
Received Prepare
Registering precompiled user dll's ...
Registered in 0.001902 seconds.
Begin MonoManager ReloadAssembly
Native extension for Lumin target not found
Native extension for WindowsStandalone target not found
Native extension for WebGL target not found
Refreshing native plugins compatible for Editor in 0.53 ms, found 2 plugins.
Preloading 0 native plugins for Editor in 0.00 ms.
Mono: successfully reloaded assembly
- Completed reload, in  0.894 seconds
Platform modules already initialized, skipping
Refreshing native plugins compatible for Editor in 1.28 ms, found 2 plugins.
Preloading 0 native plugins for Editor in 0.00 ms.
Unloading 1421 Unused Serialized files (Serialized files now loaded: 0)
System memory in use before: 83.9 MB.
System memory in use after: 83.9 MB.

Unloading 14 unused Assets to reduce memory usage. Loaded Objects now: 1913.
Total: 2.315200 ms (FindLiveObjects: 0.214700 ms CreateObjectMapping: 0.077200 ms MarkObjects: 1.967500 ms  DeleteObjects: 0.054800 ms)

========================================================================
Received Prepare
Registering precompiled user dll's ...
Registered in 0.001966 seconds.
Begin MonoManager ReloadAssembly
Native extension for Lumin target not found
Native extension for WindowsStandalone target not found
Native extension for WebGL target not found
Refreshing native plugins compatible for Editor in 0.28 ms, found 2 plugins.
Preloading 0 native plugins for Editor in 0.00 ms.
Mono: successfully reloaded assembly
- Completed reload, in  0.778 seconds
Platform modules already initialized, skipping
Refreshing native plugins compatible for Editor in 0.28 ms, found 2 plugins.
Preloading 0 native plugins for Editor in 0.00 ms.
Unloading 1421 Unused Serialized files (Serialized files now loaded: 0)
System memory in use before: 83.9 MB.
System memory in use after: 83.9 MB.

Unloading 14 unused Assets to reduce memory usage. Loaded Objects now: 1916.
Total: 1.640300 ms (FindLiveObjects: 0.141300 ms CreateObjectMapping: 0.043900 ms MarkObjects: 1.409200 ms  DeleteObjects: 0.045100 ms)

========================================================================
Received Import Request.
  Time since last request: 274.668011 seconds.
  path: Assets/Scripts/DNA.cs
  artifactKey: Guid(ad0eec8c4106a014696571921d7f9ce7) Importer(815301076,1909f56bfc062723c751e8b465ee728b)
Start importing Assets/Scripts/DNA.cs using Guid(ad0eec8c4106a014696571921d7f9ce7) Importer(815301076,1909f56bfc062723c751e8b465ee728b)  -> (artifact id: '9b90131e78f0df1d3fe6c4b9f24abf6f') in 0.003143 seconds
  Import took 0.005203 seconds .

========================================================================
Received Import Request.
  Time since last request: 4.467829 seconds.
  path: Assets/Scripts/Brain.cs
  artifactKey: Guid(581e3cef8a3859347aefe64bed71ad81) Importer(815301076,1909f56bfc062723c751e8b465ee728b)
Start importing Assets/Scripts/Brain.cs using Guid(581e3cef8a3859347aefe64bed71ad81) Importer(815301076,1909f56bfc062723c751e8b465ee728b)  -> (artifact id: '5ffaf058b374d40fed01f283e833ce38') in 0.005318 seconds
  Import took 0.008132 seconds .

========================================================================
Received Prepare
Registering precompiled user dll's ...
Registered in 0.001724 seconds.
Begin MonoManager ReloadAssembly
Native extension for Lumin target not found
Native extension for WindowsStandalone target not found
Native extension for WebGL target not found
Refreshing native plugins compatible for Editor in 0.29 ms, found 2 plugins.
Preloading 0 native plugins for Editor in 0.00 ms.
Mono: successfully reloaded assembly
- Completed reload, in  0.777 seconds
Platform modules already initialized, skipping
Refreshing native plugins compatible for Editor in 0.29 ms, found 2 plugins.
Preloading 0 native plugins for Editor in 0.00 ms.
Unloading 1422 Unused Serialized files (Serialized files now loaded: 0)
System memory in use before: 83.9 MB.
System memory in use after: 84.0 MB.

Unloading 14 unused Assets to reduce memory usage. Loaded Objects now: 1920.
Total: 1.558700 ms (FindLiveObjects: 0.136400 ms CreateObjectMapping: 0.044900 ms MarkObjects: 1.320200 ms  DeleteObjects: 0.056300 ms)

========================================================================
Received Prepare
Registering precompiled user dll's ...
Registered in 0.001934 seconds.
Begin MonoManager ReloadAssembly
Native extension for Lumin target not found
Native extension for WindowsStandalone target not found
Native extension for WebGL target not found
Refreshing native plugins compatible for Editor in 0.28 ms, found 2 plugins.
Preloading 0 native plugins for Editor in 0.00 ms.
Mono: successfully reloaded assembly
- Completed reload, in  0.772 seconds
Platform modules already initialized, skipping
Refreshing native plugins compatible for Editor in 0.28 ms, found 2 plugins.
Preloading 0 native plugins for Editor in 0.00 ms.
Unloading 1422 Unused Serialized files (Serialized files now loaded: 0)
System memory in use before: 83.9 MB.
System memory in use after: 84.0 MB.

Unloading 14 unused Assets to reduce memory usage. Loaded Objects now: 1923.
Total: 1.550500 ms (FindLiveObjects: 0.139200 ms CreateObjectMapping: 0.044200 ms MarkObjects: 1.308300 ms  DeleteObjects: 0.058200 ms)

========================================================================
Received Import Request.
  Time since last request: 1160.003467 seconds.
  path: Assets/Scripts/Brain.cs
  artifactKey: Guid(581e3cef8a3859347aefe64bed71ad81) Importer(815301076,1909f56bfc062723c751e8b465ee728b)
Start importing Assets/Scripts/Brain.cs using Guid(581e3cef8a3859347aefe64bed71ad81) Importer(815301076,1909f56bfc062723c751e8b465ee728b)  -> (artifact id: '60c3b3edbc80b20718d05a5dd4d1f98c') in 0.003563 seconds
  Import took 0.005532 seconds .

========================================================================
Received Import Request.
  Time since last request: 13.427099 seconds.
  path: Assets/Scripts/PopulationManager.cs
  artifactKey: Guid(5cfd38653a9139f4d8bd4a866da23d2d) Importer(815301076,1909f56bfc062723c751e8b465ee728b)
Start importing Assets/Scripts/PopulationManager.cs using Guid(5cfd38653a9139f4d8bd4a866da23d2d) Importer(815301076,1909f56bfc062723c751e8b465ee728b)  -> (artifact id: 'ac2cec5450aa6e1d05f10764d75e527b') in 0.005536 seconds
  Import took 0.007637 seconds .

========================================================================
Received Prepare
Registering precompiled user dll's ...
Registered in 0.001802 seconds.
Begin MonoManager ReloadAssembly
Native extension for Lumin target not found
Native extension for WindowsStandalone target not found
Native extension for WebGL target not found
Refreshing native plugins compatible for Editor in 0.34 ms, found 2 plugins.
Preloading 0 native plugins for Editor in 0.00 ms.
Mono: successfully reloaded assembly
- Completed reload, in  0.801 seconds
Platform modules already initialized, skipping
Refreshing native plugins compatible for Editor in 0.28 ms, found 2 plugins.
Preloading 0 native plugins for Editor in 0.00 ms.
Unloading 1423 Unused Serialized files (Serialized files now loaded: 0)
System memory in use before: 83.9 MB.
System memory in use after: 84.0 MB.

Unloading 14 unused Assets to reduce memory usage. Loaded Objects now: 1927.
Total: 1.641300 ms (FindLiveObjects: 0.140700 ms CreateObjectMapping: 0.043700 ms MarkObjects: 1.413200 ms  DeleteObjects: 0.042800 ms)

========================================================================
Received Prepare
Registering precompiled user dll's ...
Registered in 0.001776 seconds.
Begin MonoManager ReloadAssembly
Native extension for Lumin target not found
Native extension for WindowsStandalone target not found
Native extension for WebGL target not found
Refreshing native plugins compatible for Editor in 0.29 ms, found 2 plugins.
Preloading 0 native plugins for Editor in 0.00 ms.
Mono: successfully reloaded assembly
- Completed reload, in  0.775 seconds
Platform modules already initialized, skipping
Refreshing native plugins compatible for Editor in 0.34 ms, found 2 plugins.
Preloading 0 native plugins for Editor in 0.00 ms.
Unloading 1423 Unused Serialized files (Serialized files now loaded: 0)
System memory in use before: 83.9 MB.
System memory in use after: 84.0 MB.

Unloading 14 unused Assets to reduce memory usage. Loaded Objects now: 1930.
Total: 1.873400 ms (FindLiveObjects: 0.164600 ms CreateObjectMapping: 0.046700 ms MarkObjects: 1.610800 ms  DeleteObjects: 0.050200 ms)

========================================================================
Received Import Request.
  Time since last request: 712.388902 seconds.
  path: Assets/Scripts/PopulationManager.cs
  artifactKey: Guid(5cfd38653a9139f4d8bd4a866da23d2d) Importer(815301076,1909f56bfc062723c751e8b465ee728b)
Start importing Assets/Scripts/PopulationManager.cs using Guid(5cfd38653a9139f4d8bd4a866da23d2d) Importer(815301076,1909f56bfc062723c751e8b465ee728b)  -> (artifact id: 'b8f34ab5f3e2b5ad6838dd1a6410669b') in 0.009014 seconds
  Import took 0.011100 seconds .

========================================================================
Received Import Request.
  Time since last request: 18.850811 seconds.
  path: ProjectSettings/TagManager.asset
  artifactKey: Guid(00000000000000003000000000000000) Importer(815301076,1909f56bfc062723c751e8b465ee728b)
Start importing ProjectSettings/TagManager.asset using Guid(00000000000000003000000000000000) Importer(815301076,1909f56bfc062723c751e8b465ee728b)  -> (artifact id: 'ce6a35c3cddc746e7501c0bd0ed6d4ce') in 0.012829 seconds
  Import took 0.014930 seconds .

========================================================================
Received Import Request.
  Time since last request: 0.125616 seconds.
  path: ProjectSettings/TagManager.asset
  artifactKey: Guid(00000000000000003000000000000000) Importer(815301076,1909f56bfc062723c751e8b465ee728b)
Start importing ProjectSettings/TagManager.asset using Guid(00000000000000003000000000000000) Importer(815301076,1909f56bfc062723c751e8b465ee728b)  -> (artifact id: 'ce6a35c3cddc746e7501c0bd0ed6d4ce') in 0.002086 seconds
  Import took 0.004968 seconds .

========================================================================
Received Import Request.
  Time since last request: 145.018900 seconds.
  path: Assets/Capsule.prefab
  artifactKey: Guid(20043d473cb223d4f83f297266c3b047) Importer(815301076,1909f56bfc062723c751e8b465ee728b)
Start importing Assets/Capsule.prefab using Guid(20043d473cb223d4f83f297266c3b047) Importer(815301076,1909f56bfc062723c751e8b465ee728b)  -> (artifact id: '7ddaa8d4eb9b81b911790531c9655ec4') in 0.046154 seconds
  Import took 0.048378 seconds .

========================================================================
Received Import Request.
  Time since last request: 0.005753 seconds.
  path: Assets/Capsule.prefab
  artifactKey: Guid(20043d473cb223d4f83f297266c3b047) Importer(815301076,1909f56bfc062723c751e8b465ee728b)
Start importing Assets/Capsule.prefab using Guid(20043d473cb223d4f83f297266c3b047) Importer(815301076,1909f56bfc062723c751e8b465ee728b)  -> (artifact id: '7ddaa8d4eb9b81b911790531c9655ec4') in 0.006055 seconds
  Import took 0.008338 seconds .

========================================================================
Received Prepare
Registering precompiled user dll's ...
Registered in 0.001787 seconds.
Begin MonoManager ReloadAssembly
Native extension for Lumin target not found
Native extension for WindowsStandalone target not found
Native extension for WebGL target not found
Refreshing native plugins compatible for Editor in 0.32 ms, found 2 plugins.
Preloading 0 native plugins for Editor in 0.00 ms.
Mono: successfully reloaded assembly
- Completed reload, in  0.827 seconds
Platform modules already initialized, skipping
Refreshing native plugins compatible for Editor in 0.33 ms, found 2 plugins.
Preloading 0 native plugins for Editor in 0.00 ms.
Unloading 1423 Unused Serialized files (Serialized files now loaded: 0)
System memory in use before: 84.0 MB.
System memory in use after: 84.1 MB.

Unloading 17 unused Assets to reduce memory usage. Loaded Objects now: 1936.
Total: 1.734200 ms (FindLiveObjects: 0.152900 ms CreateObjectMapping: 0.047700 ms MarkObjects: 1.484800 ms  DeleteObjects: 0.048000 ms)

========================================================================
Received Import Request.
  Time since last request: 323.142454 seconds.
  path: Assets/Capsule.prefab
  artifactKey: Guid(20043d473cb223d4f83f297266c3b047) Importer(815301076,1909f56bfc062723c751e8b465ee728b)
Start importing Assets/Capsule.prefab using Guid(20043d473cb223d4f83f297266c3b047) Importer(815301076,1909f56bfc062723c751e8b465ee728b)  -> (artifact id: 'dd20aeb5456587f323ad89433061799a') in 0.049879 seconds
  Import took 0.052396 seconds .

========================================================================
Received Import Request.
  Time since last request: 11.442210 seconds.
  path: Assets/Capsule.prefab
  artifactKey: Guid(20043d473cb223d4f83f297266c3b047) Importer(815301076,1909f56bfc062723c751e8b465ee728b)
Start importing Assets/Capsule.prefab using Guid(20043d473cb223d4f83f297266c3b047) Importer(815301076,1909f56bfc062723c751e8b465ee728b)  -> (artifact id: '7352a406ba9dd9642faf6f39fc13b4a6') in 0.021448 seconds
  Import took 0.024312 seconds .

========================================================================
Received Import Request.
  Time since last request: 6.429919 seconds.
  path: Assets/Capsule.prefab
  artifactKey: Guid(20043d473cb223d4f83f297266c3b047) Importer(815301076,1909f56bfc062723c751e8b465ee728b)
Start importing Assets/Capsule.prefab using Guid(20043d473cb223d4f83f297266c3b047) Importer(815301076,1909f56bfc062723c751e8b465ee728b)  -> (artifact id: 'ad3f1efda8be9fd3b7e9d14cb2608e95') in 0.016441 seconds
  Import took 0.019004 seconds .

========================================================================
Received Import Request.
  Time since last request: 2.798330 seconds.
  path: Assets/Capsule.prefab
  artifactKey: Guid(20043d473cb223d4f83f297266c3b047) Importer(815301076,1909f56bfc062723c751e8b465ee728b)
Start importing Assets/Capsule.prefab using Guid(20043d473cb223d4f83f297266c3b047) Importer(815301076,1909f56bfc062723c751e8b465ee728b)  -> (artifact id: 'b540e5de56ac701ee5a0548d396fec55') in 0.017794 seconds
  Import took 0.020079 seconds .

========================================================================
Received Import Request.
  Time since last request: 2.120303 seconds.
  path: Assets/Capsule.prefab
  artifactKey: Guid(20043d473cb223d4f83f297266c3b047) Importer(815301076,1909f56bfc062723c751e8b465ee728b)
Start importing Assets/Capsule.prefab using Guid(20043d473cb223d4f83f297266c3b047) Importer(815301076,1909f56bfc062723c751e8b465ee728b)  -> (artifact id: '75d52cc9eeaa84f172d86855b754511c') in 0.020364 seconds
  Import took 0.022839 seconds .

========================================================================
Received Prepare
Registering precompiled user dll's ...
Registered in 0.001958 seconds.
Begin MonoManager ReloadAssembly
Native extension for Lumin target not found
Native extension for WindowsStandalone target not found
Native extension for WebGL target not found
Refreshing native plugins compatible for Editor in 0.32 ms, found 2 plugins.
Preloading 0 native plugins for Editor in 0.00 ms.
Mono: successfully reloaded assembly
- Completed reload, in  0.782 seconds
Platform modules already initialized, skipping
Refreshing native plugins compatible for Editor in 0.29 ms, found 2 plugins.
Preloading 0 native plugins for Editor in 0.00 ms.
Unloading 1423 Unused Serialized files (Serialized files now loaded: 0)
System memory in use before: 84.0 MB.
System memory in use after: 84.1 MB.

Unloading 15 unused Assets to reduce memory usage. Loaded Objects now: 1940.
Total: 1.654600 ms (FindLiveObjects: 0.156300 ms CreateObjectMapping: 0.047000 ms MarkObjects: 1.404700 ms  DeleteObjects: 0.045900 ms)

========================================================================
Received Prepare
Registering precompiled user dll's ...
Registered in 0.001841 seconds.
Begin MonoManager ReloadAssembly
Native extension for Lumin target not found
Native extension for WindowsStandalone target not found
Native extension for WebGL target not found
Refreshing native plugins compatible for Editor in 0.44 ms, found 2 plugins.
Preloading 0 native plugins for Editor in 0.00 ms.
Mono: successfully reloaded assembly
- Completed reload, in  0.742 seconds
Platform modules already initialized, skipping
Refreshing native plugins compatible for Editor in 0.28 ms, found 2 plugins.
Preloading 0 native plugins for Editor in 0.00 ms.
Unloading 1423 Unused Serialized files (Serialized files now loaded: 0)
System memory in use before: 84.0 MB.
System memory in use after: 84.1 MB.

Unloading 14 unused Assets to reduce memory usage. Loaded Objects now: 1943.
Total: 1.876500 ms (FindLiveObjects: 0.215000 ms CreateObjectMapping: 0.068700 ms MarkObjects: 1.534100 ms  DeleteObjects: 0.057900 ms)

========================================================================
Received Prepare
Registering precompiled user dll's ...
Registered in 0.001870 seconds.
Begin MonoManager ReloadAssembly
Native extension for Lumin target not found
Native extension for WindowsStandalone target not found
Native extension for WebGL target not found
Refreshing native plugins compatible for Editor in 0.30 ms, found 2 plugins.
Preloading 0 native plugins for Editor in 0.00 ms.
Mono: successfully reloaded assembly
- Completed reload, in  0.771 seconds
Platform modules already initialized, skipping
Refreshing native plugins compatible for Editor in 0.28 ms, found 2 plugins.
Preloading 0 native plugins for Editor in 0.00 ms.
Unloading 1423 Unused Serialized files (Serialized files now loaded: 0)
System memory in use before: 84.0 MB.
System memory in use after: 84.1 MB.

Unloading 14 unused Assets to reduce memory usage. Loaded Objects now: 1946.
Total: 1.557800 ms (FindLiveObjects: 0.133100 ms CreateObjectMapping: 0.043200 ms MarkObjects: 1.341000 ms  DeleteObjects: 0.039600 ms)

========================================================================
Received Import Request.
  Time since last request: 844.663312 seconds.
  path: Assets/Capsule.prefab
  artifactKey: Guid(20043d473cb223d4f83f297266c3b047) Importer(815301076,1909f56bfc062723c751e8b465ee728b)
Start importing Assets/Capsule.prefab using Guid(20043d473cb223d4f83f297266c3b047) Importer(815301076,1909f56bfc062723c751e8b465ee728b)  -> (artifact id: '914b6c8ce8ea25a298725ec8f22fa954') in 0.050230 seconds
  Import took 0.052634 seconds .

========================================================================
Received Prepare
Registering precompiled user dll's ...
Registered in 0.002005 seconds.
Begin MonoManager ReloadAssembly
Native extension for Lumin target not found
Native extension for WindowsStandalone target not found
Native extension for WebGL target not found
Refreshing native plugins compatible for Editor in 0.29 ms, found 2 plugins.
Preloading 0 native plugins for Editor in 0.00 ms.
Mono: successfully reloaded assembly
- Completed reload, in  0.748 seconds
Platform modules already initialized, skipping
Refreshing native plugins compatible for Editor in 0.29 ms, found 2 plugins.
Preloading 0 native plugins for Editor in 0.00 ms.
Unloading 1423 Unused Serialized files (Serialized files now loaded: 0)
System memory in use before: 84.0 MB.
System memory in use after: 84.1 MB.

Unloading 14 unused Assets to reduce memory usage. Loaded Objects now: 1950.
Total: 1.580000 ms (FindLiveObjects: 0.140600 ms CreateObjectMapping: 0.043100 ms MarkObjects: 1.354700 ms  DeleteObjects: 0.040900 ms)

========================================================================
Received Import Request.
  Time since last request: 103.188199 seconds.
  path: Assets/Capsule.prefab
  artifactKey: Guid(20043d473cb223d4f83f297266c3b047) Importer(815301076,1909f56bfc062723c751e8b465ee728b)
Start importing Assets/Capsule.prefab using Guid(20043d473cb223d4f83f297266c3b047) Importer(815301076,1909f56bfc062723c751e8b465ee728b)  -> (artifact id: '3d7a7ea33f2cfd99e8c420837b60e2b2') in 0.047553 seconds
  Import took 0.050155 seconds .

========================================================================
Received Prepare
Registering precompiled user dll's ...
Registered in 0.001857 seconds.
Begin MonoManager ReloadAssembly
Native extension for Lumin target not found
Native extension for WindowsStandalone target not found
Native extension for WebGL target not found
Refreshing native plugins compatible for Editor in 0.50 ms, found 2 plugins.
Preloading 0 native plugins for Editor in 0.00 ms.
Mono: successfully reloaded assembly
- Completed reload, in  0.793 seconds
Platform modules already initialized, skipping
Refreshing native plugins compatible for Editor in 0.28 ms, found 2 plugins.
Preloading 0 native plugins for Editor in 0.00 ms.
Unloading 1423 Unused Serialized files (Serialized files now loaded: 0)
System memory in use before: 84.0 MB.
System memory in use after: 84.1 MB.

Unloading 15 unused Assets to reduce memory usage. Loaded Objects now: 1954.
Total: 1.633500 ms (FindLiveObjects: 0.154400 ms CreateObjectMapping: 0.045600 ms MarkObjects: 1.381800 ms  DeleteObjects: 0.050600 ms)

========================================================================
Received Import Request.
  Time since last request: 714.621809 seconds.
  path: Assets/Capsule.prefab
  artifactKey: Guid(20043d473cb223d4f83f297266c3b047) Importer(815301076,1909f56bfc062723c751e8b465ee728b)
Start importing Assets/Capsule.prefab using Guid(20043d473cb223d4f83f297266c3b047) Importer(815301076,1909f56bfc062723c751e8b465ee728b)  -> (artifact id: '795bcd1681e5b90dfc8aafc1ed7db2d6') in 0.045019 seconds
  Import took 0.047118 seconds .

========================================================================
Received Prepare
Registering precompiled user dll's ...
Registered in 0.001920 seconds.
Begin MonoManager ReloadAssembly
Native extension for Lumin target not found
Native extension for WindowsStandalone target not found
Native extension for WebGL target not found
Refreshing native plugins compatible for Editor in 0.34 ms, found 2 plugins.
Preloading 0 native plugins for Editor in 0.00 ms.
Mono: successfully reloaded assembly
- Completed reload, in  0.912 seconds
Platform modules already initialized, skipping
Refreshing native plugins compatible for Editor in 0.34 ms, found 2 plugins.
Preloading 0 native plugins for Editor in 0.00 ms.
Unloading 1423 Unused Serialized files (Serialized files now loaded: 0)
System memory in use before: 84.1 MB.
System memory in use after: 84.1 MB.

Unloading 15 unused Assets to reduce memory usage. Loaded Objects now: 1958.
Total: 1.948800 ms (FindLiveObjects: 0.167600 ms CreateObjectMapping: 0.051800 ms MarkObjects: 1.676600 ms  DeleteObjects: 0.051800 ms)

========================================================================
Received Prepare
Registering precompiled user dll's ...
Registered in 0.001916 seconds.
Begin MonoManager ReloadAssembly
Native extension for Lumin target not found
Native extension for WindowsStandalone target not found
Native extension for WebGL target not found
Refreshing native plugins compatible for Editor in 0.33 ms, found 2 plugins.
Preloading 0 native plugins for Editor in 0.00 ms.
Mono: successfully reloaded assembly
- Completed reload, in  0.763 seconds
Platform modules already initialized, skipping
Refreshing native plugins compatible for Editor in 0.28 ms, found 2 plugins.
Preloading 0 native plugins for Editor in 0.00 ms.
Unloading 1423 Unused Serialized files (Serialized files now loaded: 0)
System memory in use before: 84.1 MB.
System memory in use after: 84.1 MB.

Unloading 14 unused Assets to reduce memory usage. Loaded Objects now: 1961.
Total: 1.606600 ms (FindLiveObjects: 0.131900 ms CreateObjectMapping: 0.043100 ms MarkObjects: 1.386500 ms  DeleteObjects: 0.044300 ms)

========================================================================
Received Prepare
Registering precompiled user dll's ...
Registered in 0.001953 seconds.
Begin MonoManager ReloadAssembly
Native extension for Lumin target not found
Native extension for WindowsStandalone target not found
Native extension for WebGL target not found
Refreshing native plugins compatible for Editor in 0.31 ms, found 2 plugins.
Preloading 0 native plugins for Editor in 0.00 ms.
Mono: successfully reloaded assembly
- Completed reload, in  0.750 seconds
Platform modules already initialized, skipping
Refreshing native plugins compatible for Editor in 0.27 ms, found 2 plugins.
Preloading 0 native plugins for Editor in 0.00 ms.
Unloading 1423 Unused Serialized files (Serialized files now loaded: 0)
System memory in use before: 84.1 MB.
System memory in use after: 84.1 MB.

Unloading 14 unused Assets to reduce memory usage. Loaded Objects now: 1964.
Total: 1.702300 ms (FindLiveObjects: 0.149200 ms CreateObjectMapping: 0.040500 ms MarkObjects: 1.468300 ms  DeleteObjects: 0.043500 ms)

========================================================================
Received Prepare
Registering precompiled user dll's ...
Registered in 0.002170 seconds.
Begin MonoManager ReloadAssembly
Native extension for Lumin target not found
Native extension for WindowsStandalone target not found
Native extension for WebGL target not found
Refreshing native plugins compatible for Editor in 0.38 ms, found 2 plugins.
Preloading 0 native plugins for Editor in 0.00 ms.
Mono: successfully reloaded assembly
- Completed reload, in  1.009 seconds
Platform modules already initialized, skipping
Refreshing native plugins compatible for Editor in 0.41 ms, found 2 plugins.
Preloading 0 native plugins for Editor in 0.00 ms.
Unloading 1423 Unused Serialized files (Serialized files now loaded: 0)
System memory in use before: 84.1 MB.
System memory in use after: 84.1 MB.

Unloading 14 unused Assets to reduce memory usage. Loaded Objects now: 1967.
Total: 1.959800 ms (FindLiveObjects: 0.165000 ms CreateObjectMapping: 0.054000 ms MarkObjects: 1.690000 ms  DeleteObjects: 0.049500 ms)

========================================================================
Received Prepare
Registering precompiled user dll's ...
Registered in 0.003263 seconds.
Begin MonoManager ReloadAssembly
Native extension for Lumin target not found
Native extension for WindowsStandalone target not found
Native extension for WebGL target not found
Refreshing native plugins compatible for Editor in 0.36 ms, found 2 plugins.
Preloading 0 native plugins for Editor in 0.00 ms.
Mono: successfully reloaded assembly
- Completed reload, in  1.041 seconds
Platform modules already initialized, skipping
Refreshing native plugins compatible for Editor in 0.33 ms, found 2 plugins.
Preloading 0 native plugins for Editor in 0.00 ms.
Unloading 1423 Unused Serialized files (Serialized files now loaded: 0)
System memory in use before: 84.1 MB.
System memory in use after: 84.2 MB.

Unloading 14 unused Assets to reduce memory usage. Loaded Objects now: 1970.
Total: 2.032200 ms (FindLiveObjects: 0.182400 ms CreateObjectMapping: 0.080600 ms MarkObjects: 1.721400 ms  DeleteObjects: 0.046800 ms)

AssetImportWorkerClient::OnTransportError - code=2 error=End of file
